<?xml version="1.0" encoding="UTF-8"?>
<!-- Generated by org.testng.reporters.JUnitReportReporter -->
<testsuite hostname="Mayur" failures="0" tests="3" name="selenium.TestNGDemo" time="0.019" errors="0" timestamp="2022-03-04T18:06:24 IST" skipped="0">
  <testcase classname="selenium.TestNGDemo" name="Login" time="0.014"/>
  <system-out/>
  <testcase classname="selenium.TestNGDemo" name="Admin" time="0.003"/>
  <system-out/>
  <testcase classname="selenium.TestNGDemo" name="Logout" time="0.002"/>
  <system-out/>
</testsuite> <!-- selenium.TestNGDemo -->
